d:\opencv代码\opencv4\opencv\opencv4\opencv4\x64\debug\vc141.pdb
d:\opencv代码\opencv4\opencv\opencv4\opencv4\x64\debug\vc141.idb
d:\opencv代码\opencv4\opencv\opencv4\opencv4\x64\debug\mygetderivkernels.obj
d:\opencv代码\opencv4\opencv\opencv4\opencv4\x64\debug\mygaussnoise.obj
d:\opencv代码\opencv4\opencv\opencv4\opencv4\x64\debug\mygaussianblur.obj
d:\opencv代码\opencv4\opencv\opencv4\opencv4\x64\debug\myfitline.obj
d:\opencv代码\opencv4\opencv\opencv4\opencv4\x64\debug\myfilter2d.obj
d:\opencv代码\opencv4\opencv\opencv4\opencv4\x64\debug\myfilp.obj
d:\opencv代码\opencv4\opencv\opencv4\opencv4\x64\debug\myerode.obj
d:\opencv代码\opencv4\opencv\opencv4\opencv4\x64\debug\myequalizehist.obj
d:\opencv代码\opencv4\opencv\opencv4\opencv4\x64\debug\myedge.obj
d:\opencv代码\opencv4\opencv\opencv4\opencv4\x64\debug\mydistancetransform.obj
d:\opencv代码\opencv4\opencv\opencv4\opencv4\x64\debug\mydft2.obj
d:\opencv代码\opencv4\opencv\opencv4\opencv4\x64\debug\mydeepshallowcopy.obj
d:\opencv代码\opencv4\opencv\opencv4\opencv4\x64\debug\myctreatetrackbar.obj
d:\opencv代码\opencv4\opencv\opencv4\opencv4\x64\debug\myconnectedcomponentswithstats.obj
d:\opencv代码\opencv4\opencv\opencv4\opencv4\x64\debug\myconnectcomponents.obj
d:\opencv代码\opencv4\opencv\opencv4\opencv4\x64\debug\mycanny.obj
d:\opencv代码\opencv4\opencv\opencv4\opencv4\x64\debug\mycalchist.obj
d:\opencv代码\opencv4\opencv\opencv4\opencv4\x64\debug\myblur.obj
d:\opencv代码\opencv4\opencv\opencv4\opencv4\x64\debug\mybilateralfilter.obj
d:\opencv代码\opencv4\opencv\opencv4\opencv4\x64\debug\homofileter.obj
d:\opencv代码\opencv4\opencv\opencv4\opencv4\x64\debug\反向投影.obj
d:\opencv代码\opencv4\opencv\opencv4\opencv4\x64\debug\像素逻辑运算.obj
d:\opencv代码\opencv4\opencv\opencv4\opencv4\x64\debug\mywarppolar.obj
d:\opencv代码\opencv4\opencv\opencv4\opencv4\x64\debug\mywarpaffine.obj
d:\opencv代码\opencv4\opencv\opencv4\opencv4\x64\debug\mythreshold.obj
d:\opencv代码\opencv4\opencv\opencv4\opencv4\x64\debug\mythinning.obj
d:\opencv代码\opencv4\opencv\opencv4\opencv4\x64\debug\mysobel.obj
d:\opencv代码\opencv4\opencv\opencv4\opencv4\x64\debug\myselffilter.obj
d:\opencv代码\opencv4\opencv\opencv4\opencv4\x64\debug\mysaltandpepper.obj
d:\opencv代码\opencv4\opencv\opencv4\opencv4\x64\debug\mypyramid.obj
d:\opencv代码\opencv4\opencv\opencv4\opencv4\x64\debug\myplot.obj
d:\opencv代码\opencv4\opencv\opencv4\opencv4\x64\debug\mynormalize.obj
d:\opencv代码\opencv4\opencv\opencv4\opencv4\x64\debug\mymouse.obj
d:\opencv代码\opencv4\opencv\opencv4\opencv4\x64\debug\mymorphologyapp.obj
d:\opencv代码\opencv4\opencv\opencv4\opencv4\x64\debug\mymedianblur.obj
d:\opencv代码\opencv4\opencv\opencv4\opencv4\x64\debug\mylut.obj
d:\opencv代码\opencv4\opencv\opencv4\opencv4\x64\debug\mylaplacian.obj
d:\opencv代码\opencv4\opencv\opencv4\opencv4\x64\debug\myhoughlinespointset.obj
d:\opencv代码\opencv4\opencv\opencv4\opencv4\x64\debug\myhoughlinesp.obj
d:\opencv代码\opencv4\opencv\opencv4\opencv4\x64\debug\myhoughlines.obj
d:\opencv代码\opencv4\opencv\opencv4\opencv4\x64\debug\mywarpperspective.obj
d:\opencv代码\opencv4\opencv\opencv4\opencv4\x64\debug\距离变换2.obj
d:\opencv代码\opencv4\opencv\opencv4\opencv4\x64\debug\距离变换.obj
d:\opencv代码\opencv4\opencv\opencv4\opencv4\x64\debug\读取保存xml和yaml.obj
d:\opencv代码\opencv4\opencv\opencv4\opencv4\x64\debug\直方图匹配.obj
d:\opencv代码\opencv4\opencv\opencv4\opencv4\x64\debug\模板匹配.obj
d:\opencv代码\opencv4\opencv\opencv4\opencv4\x64\debug\图像拼接.obj
d:\opencv代码\opencv4\opencv\opencv4\opencv4\x64\debug\图像分离和合并.obj
d:\opencv代码\opencv4\opencv\opencv4\opencv4\x64\debug\mymulspectrums.obj
d:\opencv代码\opencv4\opencv\opencv4\opencv4\x64\debug\mydct.obj
d:\opencv代码\opencv4\opencv\opencv4\opencv4\x64\debug\myintegral.obj
d:\opencv代码\opencv4\opencv\opencv4\opencv4\x64\debug\myfloodfill.obj
d:\opencv代码\opencv4\opencv\opencv4\opencv4\x64\debug\mywatershed.obj
d:\opencv代码\opencv4\opencv\opencv4\opencv4\x64\debug\mygrabcut.obj
d:\opencv代码\opencv4\opencv\opencv4\opencv4\x64\debug\mypymeanshiftfiltering.obj
d:\opencv代码\opencv4\opencv\opencv4\opencv4\x64\debug\myinpaint.obj
d:\opencv代码\opencv4\opencv\opencv4\opencv4\x64\debug\mydrawkeypoints.obj
d:\opencv代码\opencv4\opencv\opencv4\opencv4\x64\debug\mygoodfeaturestotrack.obj
d:\opencv代码\opencv4\opencv\opencv4\opencv4\x64\debug\mycornerharris.obj
d:\opencv代码\opencv4\opencv\opencv4\opencv4\x64\debug\mycornersubpix.obj
d:\opencv代码\opencv4\opencv\opencv4\opencv4\x64\debug\myorb.obj
d:\opencv代码\opencv4\opencv\opencv4\opencv4\x64\debug\mysuft.obj
d:\opencv代码\opencv4\opencv\opencv4\x64\debug\opencv4.exe
d:\opencv代码\opencv4\opencv\opencv4\x64\debug\opencv4.ilk
d:\opencv代码\opencv4\opencv\opencv4\x64\debug\opencv4.pdb
d:\opencv代码\opencv4\opencv\opencv4\opencv4\x64\debug\opencv4.tlog\cl.command.1.tlog
d:\opencv代码\opencv4\opencv\opencv4\opencv4\x64\debug\opencv4.tlog\cl.read.1.tlog
d:\opencv代码\opencv4\opencv\opencv4\opencv4\x64\debug\opencv4.tlog\cl.write.1.tlog
d:\opencv代码\opencv4\opencv\opencv4\opencv4\x64\debug\opencv4.tlog\link.command.1.tlog
d:\opencv代码\opencv4\opencv\opencv4\opencv4\x64\debug\opencv4.tlog\link.read.1.tlog
d:\opencv代码\opencv4\opencv\opencv4\opencv4\x64\debug\opencv4.tlog\link.write.1.tlog
